<?xml version="1.0" encoding="UTF-8"?>
<!-- Generated by org.testng.reporters.JUnitReportReporter -->
<testsuite skipped="0" hostname="DESKTOP-D1233BU" name="com.scripts.ScriptTest" tests="1" failures="0" timestamp="2022-02-24T19:42:30 IST" time="0.000" errors="0">
  <testcase name="scriptTest" time="0.000" classname="com.scripts.ScriptTest"/>
  <system-out/>
</testsuite> <!-- com.scripts.ScriptTest -->
